[Sat Nov 14 11:46:12.600533 2020] [ssl:warn] [pid 6204:tid 612] AH01909: localhost:443:0 server certificate does NOT include an ID which matches the server name
[Sat Nov 14 11:46:12.648405 2020] [ssl:warn] [pid 6204:tid 612] AH01909: localhost:443:0 server certificate does NOT include an ID which matches the server name
[Sat Nov 14 11:46:12.695279 2020] [mpm_winnt:notice] [pid 6204:tid 612] AH00455: Apache/2.4.46 (Win64) OpenSSL/1.1.1h PHP/7.4.11 configured -- resuming normal operations
[Sat Nov 14 11:46:12.695279 2020] [mpm_winnt:notice] [pid 6204:tid 612] AH00456: Apache Lounge VC15 Server built: Oct  3 2020 12:58:33
[Sat Nov 14 11:46:12.695279 2020] [core:notice] [pid 6204:tid 612] AH00094: Command line: 'C:\\Bitnami\\WORDPR~1.3-0\\apache2\\bin\\httpd.exe -d C:/Bitnami/wordpress-5.5.3-0/apache2 -f C:\\Bitnami\\WORDPR~1.3-0\\apache2\\conf\\httpd.conf'
[Sat Nov 14 11:46:12.700266 2020] [mpm_winnt:notice] [pid 6204:tid 612] AH00418: Parent: Created child process 3228
[Sat Nov 14 11:46:13.030146 2020] [ssl:warn] [pid 3228:tid 488] AH01909: localhost:443:0 server certificate does NOT include an ID which matches the server name
[Sat Nov 14 11:46:13.069059 2020] [ssl:warn] [pid 3228:tid 488] AH01909: localhost:443:0 server certificate does NOT include an ID which matches the server name
[Sat Nov 14 11:46:13.087077 2020] [mpm_winnt:notice] [pid 3228:tid 488] AH00354: Child: Starting 64 worker threads.
[Sat Nov 14 11:46:19.936865 2020] [mpm_winnt:notice] [pid 6204:tid 612] AH00422: Parent: Received shutdown signal -- Shutting down the server.
[Sat Nov 14 11:46:21.942909 2020] [mpm_winnt:notice] [pid 3228:tid 488] AH00364: Child: All worker threads have exited.
[Sat Nov 14 11:46:21.968523 2020] [mpm_winnt:notice] [pid 6204:tid 612] AH00430: Parent: Child process 3228 exited successfully.
[Sat Nov 14 11:46:23.722276 2020] [ssl:warn] [pid 8092:tid 616] AH01909: localhost:443:0 server certificate does NOT include an ID which matches the server name
[Sat Nov 14 11:46:23.778958 2020] [ssl:warn] [pid 8092:tid 616] AH01909: localhost:443:0 server certificate does NOT include an ID which matches the server name
[Sat Nov 14 11:46:23.797819 2020] [mpm_winnt:notice] [pid 8092:tid 616] AH00455: Apache/2.4.46 (Win64) OpenSSL/1.1.1h PHP/7.4.11 configured -- resuming normal operations
[Sat Nov 14 11:46:23.797819 2020] [mpm_winnt:notice] [pid 8092:tid 616] AH00456: Apache Lounge VC15 Server built: Oct  3 2020 12:58:33
[Sat Nov 14 11:46:23.797819 2020] [core:notice] [pid 8092:tid 616] AH00094: Command line: 'C:\\Bitnami\\WORDPR~1.3-0\\apache2\\bin\\httpd.exe -d C:/Bitnami/wordpress-5.5.3-0/apache2 -f C:\\Bitnami\\WORDPR~1.3-0\\apache2\\conf\\httpd.conf'
[Sat Nov 14 11:46:23.802834 2020] [mpm_winnt:notice] [pid 8092:tid 616] AH00418: Parent: Created child process 11512
[Sat Nov 14 11:46:24.229638 2020] [ssl:warn] [pid 11512:tid 544] AH01909: localhost:443:0 server certificate does NOT include an ID which matches the server name
[Sat Nov 14 11:46:24.271278 2020] [ssl:warn] [pid 11512:tid 544] AH01909: localhost:443:0 server certificate does NOT include an ID which matches the server name
[Sat Nov 14 11:46:24.289793 2020] [mpm_winnt:notice] [pid 11512:tid 544] AH00354: Child: Starting 64 worker threads.
[Sat Nov 14 11:46:35.164167 2020] [mpm_winnt:notice] [pid 8092:tid 616] AH00422: Parent: Received shutdown signal -- Shutting down the server.
[Sat Nov 14 11:46:37.177855 2020] [mpm_winnt:notice] [pid 11512:tid 544] AH00364: Child: All worker threads have exited.
[Sat Nov 14 11:46:37.202962 2020] [mpm_winnt:notice] [pid 8092:tid 616] AH00430: Parent: Child process 11512 exited successfully.
[Sat Nov 14 11:46:38.947362 2020] [ssl:warn] [pid 12632:tid 624] AH01909: localhost:443:0 server certificate does NOT include an ID which matches the server name
[Sat Nov 14 11:46:39.004567 2020] [ssl:warn] [pid 12632:tid 624] AH01909: localhost:443:0 server certificate does NOT include an ID which matches the server name
[Sat Nov 14 11:46:39.023034 2020] [mpm_winnt:notice] [pid 12632:tid 624] AH00455: Apache/2.4.46 (Win64) OpenSSL/1.1.1h PHP/7.4.11 configured -- resuming normal operations
[Sat Nov 14 11:46:39.023034 2020] [mpm_winnt:notice] [pid 12632:tid 624] AH00456: Apache Lounge VC15 Server built: Oct  3 2020 12:58:33
[Sat Nov 14 11:46:39.023034 2020] [core:notice] [pid 12632:tid 624] AH00094: Command line: 'C:\\Bitnami\\WORDPR~1.3-0\\apache2\\bin\\httpd.exe -d C:/Bitnami/wordpress-5.5.3-0/apache2 -f C:\\Bitnami\\WORDPR~1.3-0\\apache2\\conf\\httpd.conf'
[Sat Nov 14 11:46:39.027379 2020] [mpm_winnt:notice] [pid 12632:tid 624] AH00418: Parent: Created child process 9904
[Sat Nov 14 11:46:39.460649 2020] [ssl:warn] [pid 9904:tid 472] AH01909: localhost:443:0 server certificate does NOT include an ID which matches the server name
[Sat Nov 14 11:46:39.504364 2020] [ssl:warn] [pid 9904:tid 472] AH01909: localhost:443:0 server certificate does NOT include an ID which matches the server name
[Sat Nov 14 11:46:39.524467 2020] [mpm_winnt:notice] [pid 9904:tid 472] AH00354: Child: Starting 64 worker threads.
[Sat Nov 14 11:57:15.016017 2020] [php7:error] [pid 9904:tid 1180] [client ::1:59022] PHP Fatal error:  Maximum execution time of 120 seconds exceeded in C:\\Bitnami\\wordpress-5.5.3-0\\apps\\wordpress\\htdocs\\wp-includes\\Requests\\Transport\\cURL.php on line 163, referer: http://localhost/wordpress/wp-admin/plugin-install.php?s=wordpress+seo&tab=search&type=term
[Sat Nov 14 12:52:19.490779 2020] [php7:warn] [pid 9904:tid 1180] [client ::1:59730] PHP Warning:  chmod(): No such file or directory in C:\\Bitnami\\wordpress-5.5.3-0\\apps\\wordpress\\htdocs\\wp-admin\\includes\\class-wp-filesystem-direct.php on line 173, referer: http://localhost/wordpress/wp-admin/theme-install.php?theme=hypermarket
[Sat Nov 14 12:52:19.497425 2020] [php7:warn] [pid 9904:tid 1180] [client ::1:59730] PHP Warning:  chmod(): No such file or directory in C:\\Bitnami\\wordpress-5.5.3-0\\apps\\wordpress\\htdocs\\wp-admin\\includes\\class-wp-filesystem-direct.php on line 173, referer: http://localhost/wordpress/wp-admin/theme-install.php?theme=hypermarket
[Sat Nov 14 12:52:19.518611 2020] [php7:warn] [pid 9904:tid 1180] [client ::1:59730] PHP Warning:  dir(C:/Bitnami/wordpress-5.5.3-0/apps/wordpress/htdocs/wp-content/upgrade/hypermarket.1.6.6-7K0uuw/hypermarket/loop-templates/,C:/Bitnami/wordpress-5.5.3-0/apps/wordpress/htdocs/wp-content/upgrade/hypermarket.1.6.6-7K0uuw/hypermarket/loop-templates/): The system cannot find the path specified. (code: 3) in C:\\Bitnami\\wordpress-5.5.3-0\\apps\\wordpress\\htdocs\\wp-admin\\includes\\class-wp-filesystem-direct.php on line 613, referer: http://localhost/wordpress/wp-admin/theme-install.php?theme=hypermarket
[Sat Nov 14 12:52:19.518611 2020] [php7:warn] [pid 9904:tid 1180] [client ::1:59730] PHP Warning:  dir(C:/Bitnami/wordpress-5.5.3-0/apps/wordpress/htdocs/wp-content/upgrade/hypermarket.1.6.6-7K0uuw/hypermarket/loop-templates/): failed to open dir: No such file or directory in C:\\Bitnami\\wordpress-5.5.3-0\\apps\\wordpress\\htdocs\\wp-admin\\includes\\class-wp-filesystem-direct.php on line 613, referer: http://localhost/wordpress/wp-admin/theme-install.php?theme=hypermarket
[Sat Nov 14 12:52:19.691829 2020] [php7:warn] [pid 9904:tid 1176] [client ::1:59853] PHP Warning:  sprintf(): Too few arguments in C:\\Bitnami\\wordpress-5.5.3-0\\apps\\wordpress\\htdocs\\wp-admin\\includes\\class-bulk-upgrader-skin.php on line 152, referer: http://localhost/wordpress/wp-admin/themes.php?page=tgmpa-install-plugins&plugin_status=install
[Sat Nov 14 15:06:58.560732 2020] [mpm_winnt:notice] [pid 12632:tid 624] AH00422: Parent: Received shutdown signal -- Shutting down the server.
[Sat Nov 14 15:07:00.581319 2020] [mpm_winnt:notice] [pid 9904:tid 472] AH00364: Child: All worker threads have exited.
[Sat Nov 14 15:07:01.018750 2020] [mpm_winnt:notice] [pid 12632:tid 624] AH00430: Parent: Child process 9904 exited successfully.
[Sat Nov 14 15:07:32.688035 2020] [ssl:warn] [pid 4936:tid 632] AH01909: localhost:443:0 server certificate does NOT include an ID which matches the server name
[Sat Nov 14 15:07:32.758261 2020] [ssl:warn] [pid 4936:tid 632] AH01909: localhost:443:0 server certificate does NOT include an ID which matches the server name
[Sat Nov 14 15:07:33.316469 2020] [mpm_winnt:notice] [pid 4936:tid 632] AH00455: Apache/2.4.46 (Win64) OpenSSL/1.1.1h PHP/7.4.11 configured -- resuming normal operations
[Sat Nov 14 15:07:33.316469 2020] [mpm_winnt:notice] [pid 4936:tid 632] AH00456: Apache Lounge VC15 Server built: Oct  3 2020 12:58:33
[Sat Nov 14 15:07:33.316469 2020] [core:notice] [pid 4936:tid 632] AH00094: Command line: 'C:\\Bitnami\\WORDPR~1.3-0\\apache2\\bin\\httpd.exe -d C:/Bitnami/wordpress-5.5.3-0/apache2 -f C:\\Bitnami\\WORDPR~1.3-0\\apache2\\conf\\httpd.conf'
[Sat Nov 14 15:07:33.316469 2020] [mpm_winnt:notice] [pid 4936:tid 632] AH00418: Parent: Created child process 6568
[Sat Nov 14 15:07:33.701796 2020] [ssl:warn] [pid 6568:tid 580] AH01909: localhost:443:0 server certificate does NOT include an ID which matches the server name
[Sat Nov 14 15:07:33.733038 2020] [ssl:warn] [pid 6568:tid 580] AH01909: localhost:443:0 server certificate does NOT include an ID which matches the server name
[Sat Nov 14 15:07:33.748659 2020] [mpm_winnt:notice] [pid 6568:tid 580] AH00354: Child: Starting 64 worker threads.
[Sun Nov 15 23:41:15.223587 2020] [php7:warn] [pid 6568:tid 1136] [client ::1:52927] PHP Warning:  sprintf(): Too few arguments in C:\\Bitnami\\wordpress-5.5.3-0\\apps\\wordpress\\htdocs\\wp-admin\\includes\\class-bulk-upgrader-skin.php on line 152, referer: http://localhost/wordpress/wp-admin/themes.php?page=install-required-plugins&plugin_status=install
[Sun Nov 15 23:41:22.001698 2020] [php7:warn] [pid 6568:tid 1136] [client ::1:52927] PHP Warning:  sprintf(): Too few arguments in C:\\Bitnami\\wordpress-5.5.3-0\\apps\\wordpress\\htdocs\\wp-admin\\includes\\class-bulk-upgrader-skin.php on line 152, referer: http://localhost/wordpress/wp-admin/themes.php?page=install-required-plugins&plugin_status=install
[Sun Nov 15 23:41:22.167484 2020] [php7:warn] [pid 6568:tid 1136] [client ::1:52927] PHP Warning:  sprintf(): Too few arguments in C:\\Bitnami\\wordpress-5.5.3-0\\apps\\wordpress\\htdocs\\wp-admin\\includes\\class-bulk-upgrader-skin.php on line 152, referer: http://localhost/wordpress/wp-admin/themes.php?page=install-required-plugins&plugin_status=install
[Sun Nov 15 23:41:22.364647 2020] [php7:warn] [pid 6568:tid 1136] [client ::1:52927] PHP Warning:  sprintf(): Too few arguments in C:\\Bitnami\\wordpress-5.5.3-0\\apps\\wordpress\\htdocs\\wp-admin\\includes\\class-bulk-upgrader-skin.php on line 152, referer: http://localhost/wordpress/wp-admin/themes.php?page=install-required-plugins&plugin_status=install
[Sun Nov 15 23:41:43.794031 2020] [php7:warn] [pid 6568:tid 1136] [client ::1:52927] PHP Warning:  sprintf(): Too few arguments in C:\\Bitnami\\wordpress-5.5.3-0\\apps\\wordpress\\htdocs\\wp-admin\\includes\\class-bulk-upgrader-skin.php on line 152, referer: http://localhost/wordpress/wp-admin/themes.php?page=install-required-plugins&plugin_status=install
[Sun Nov 15 23:42:02.215081 2020] [php7:warn] [pid 6568:tid 1136] [client ::1:52927] PHP Warning:  sprintf(): Too few arguments in C:\\Bitnami\\wordpress-5.5.3-0\\apps\\wordpress\\htdocs\\wp-admin\\includes\\class-bulk-upgrader-skin.php on line 152, referer: http://localhost/wordpress/wp-admin/themes.php?page=install-required-plugins&plugin_status=install
[Sun Nov 15 23:42:07.814139 2020] [php7:warn] [pid 6568:tid 1136] [client ::1:52927] PHP Warning:  sprintf(): Too few arguments in C:\\Bitnami\\wordpress-5.5.3-0\\apps\\wordpress\\htdocs\\wp-admin\\includes\\class-bulk-upgrader-skin.php on line 152, referer: http://localhost/wordpress/wp-admin/themes.php?page=install-required-plugins&plugin_status=install
[Sun Nov 15 23:47:07.827258 2020] [php7:error] [pid 6568:tid 1136] [client ::1:52927] PHP Fatal error:  Maximum execution time of 300 seconds exceeded in C:\\Bitnami\\wordpress-5.5.3-0\\apps\\wordpress\\htdocs\\wp-includes\\Requests\\Transport\\cURL.php on line 163, referer: http://localhost/wordpress/wp-admin/themes.php?page=install-required-plugins&plugin_status=install
[Sun Nov 15 23:52:04.515038 2020] [php7:error] [pid 6568:tid 1136] [client ::1:53019] PHP Fatal error:  Maximum execution time of 120 seconds exceeded in C:\\Bitnami\\wordpress-5.5.3-0\\apps\\wordpress\\htdocs\\wp-includes\\Requests\\Transport\\cURL.php on line 463, referer: http://localhost/wordpress/wp-admin/themes.php?page=install-required-plugins&plugin_status=install
[Sun Nov 15 23:55:28.862147 2020] [php7:error] [pid 6568:tid 1124] [client ::1:53156] PHP Fatal error:  Maximum execution time of 120 seconds exceeded in C:\\Bitnami\\wordpress-5.5.3-0\\apps\\wordpress\\htdocs\\wp-includes\\Requests\\Transport\\cURL.php on line 463, referer: http://localhost/wordpress/wp-admin/themes.php?page=install-required-plugins&plugin_status=install
[Sun Nov 15 23:59:36.875375 2020] [php7:error] [pid 6568:tid 1124] [client ::1:53186] PHP Fatal error:  Maximum execution time of 120 seconds exceeded in C:\\Bitnami\\wordpress-5.5.3-0\\apps\\wordpress\\htdocs\\wp-includes\\Requests\\Transport\\cURL.php on line 463, referer: http://localhost/wordpress/wp-admin/themes.php?page=install-required-plugins&plugin_status=install
[Mon Nov 16 00:07:43.406360 2020] [php7:error] [pid 6568:tid 1168] [client ::1:53342] PHP Fatal error:  Maximum execution time of 120 seconds exceeded in C:\\Bitnami\\wordpress-5.5.3-0\\apps\\wordpress\\htdocs\\wp-includes\\Requests\\Transport\\cURL.php on line 163, referer: http://localhost/wordpress/wp-admin/themes.php?page=install-required-plugins&plugin_status=install
[Mon Nov 16 12:01:34.234047 2020] [php7:error] [pid 6568:tid 1148] [client ::1:54452] PHP Fatal error:  Maximum execution time of 120 seconds exceeded in C:\\Bitnami\\wordpress-5.5.3-0\\apps\\wordpress\\htdocs\\wp-admin\\includes\\class-wp-filesystem-direct.php on line 82, referer: http://localhost/wordpress/wp-admin/themes.php?page=install-required-plugins&plugin_status=install
[Mon Nov 16 12:09:43.561017 2020] [php7:warn] [pid 6568:tid 1168] [client ::1:54726] PHP Warning:  sprintf(): Too few arguments in C:\\Bitnami\\wordpress-5.5.3-0\\apps\\wordpress\\htdocs\\wp-admin\\includes\\class-bulk-upgrader-skin.php on line 152, referer: http://localhost/wordpress/wp-admin/themes.php?page=install-required-plugins&plugin_status=install
[Mon Nov 16 16:33:44.521776 2020] [mpm_winnt:notice] [pid 4936:tid 632] AH00422: Parent: Received shutdown signal -- Shutting down the server.
[Mon Nov 16 16:33:46.557640 2020] [mpm_winnt:notice] [pid 6568:tid 580] AH00364: Child: All worker threads have exited.
[Mon Nov 16 16:33:47.182387 2020] [mpm_winnt:notice] [pid 4936:tid 632] AH00430: Parent: Child process 6568 exited successfully.
[Mon Nov 16 19:43:22.147993 2020] [ssl:warn] [pid 4196:tid 636] AH01909: localhost:443:0 server certificate does NOT include an ID which matches the server name
[Mon Nov 16 19:43:22.194861 2020] [ssl:warn] [pid 4196:tid 636] AH01909: localhost:443:0 server certificate does NOT include an ID which matches the server name
[Mon Nov 16 19:43:22.849685 2020] [mpm_winnt:notice] [pid 4196:tid 636] AH00455: Apache/2.4.46 (Win64) OpenSSL/1.1.1h PHP/7.4.11 configured -- resuming normal operations
[Mon Nov 16 19:43:22.849685 2020] [mpm_winnt:notice] [pid 4196:tid 636] AH00456: Apache Lounge VC15 Server built: Oct  3 2020 12:58:33
[Mon Nov 16 19:43:22.849685 2020] [core:notice] [pid 4196:tid 636] AH00094: Command line: 'C:\\Bitnami\\WORDPR~1.3-0\\apache2\\bin\\httpd.exe -d C:/Bitnami/wordpress-5.5.3-0/apache2 -f C:\\Bitnami\\WORDPR~1.3-0\\apache2\\conf\\httpd.conf'
[Mon Nov 16 19:43:22.849685 2020] [mpm_winnt:notice] [pid 4196:tid 636] AH00418: Parent: Created child process 5752
[Mon Nov 16 19:43:23.373311 2020] [ssl:warn] [pid 5752:tid 596] AH01909: localhost:443:0 server certificate does NOT include an ID which matches the server name
