2020-11-17T08:14:52+00:00 CRITICAL Uncaught Error: Call to a member function isGroup() on null in C:\Bitnami\wordpress-5.5.3-0\apps\wordpress\htdocs\wp-content\plugins\smart-slider-3\Nextend\SmartSlider3\Application\Frontend\Slider\ViewIframe.php:39
Stack trace:
#0 C:\Bitnami\wordpress-5.5.3-0\apps\wordpress\htdocs\wp-content\plugins\smart-slider-3\Nextend\SmartSlider3\Application\Frontend\Slider\ControllerPreRenderSlider.php(32): Nextend\SmartSlider3\Application\Frontend\Slider\ViewIframe->display()
#1 [internal function]: Nextend\SmartSlider3\Application\Frontend\Slider\ControllerPreRenderSlider->actionIframe()
#2 C:\Bitnami\wordpress-5.5.3-0\apps\wordpress\htdocs\wp-content\plugins\smart-slider-3\Nextend\Framework\Controller\AbstractController.php(93): call_user_func_array()
#3 C:\Bitnami\wordpress-5.5.3-0\apps\wordpress\htdocs\wp-content\plugins\smart-slider-3\Nextend\Framework\Application\AbstractApplicationType.php(88): Nextend\Framework\Controller\AbstractController->doAction()
#4 C:\Bitnami\wordpress-5.5.3-0\apps\wordpress\htdocs\wp-co in C:\Bitnami\wordpress-5.5.3-0\apps\wordpress\htdocs\wp-content\plugins\smart-slider-3\Nextend\SmartSlider3\Application\Frontend\Slider\ViewIframe.php on line 39

2020-11-17T08:21:06+00:00 CRITICAL Uncaught Error: Call to a member function isGroup() on null in C:\Bitnami\wordpress-5.5.3-0\apps\wordpress\htdocs\wp-content\plugins\smart-slider-3\Nextend\SmartSlider3\Application\Frontend\Slider\ViewIframe.php:39
Stack trace:
#0 C:\Bitnami\wordpress-5.5.3-0\apps\wordpress\htdocs\wp-content\plugins\smart-slider-3\Nextend\SmartSlider3\Application\Frontend\Slider\ControllerPreRenderSlider.php(32): Nextend\SmartSlider3\Application\Frontend\Slider\ViewIframe->display()
#1 [internal function]: Nextend\SmartSlider3\Application\Frontend\Slider\ControllerPreRenderSlider->actionIframe()
#2 C:\Bitnami\wordpress-5.5.3-0\apps\wordpress\htdocs\wp-content\plugins\smart-slider-3\Nextend\Framework\Controller\AbstractController.php(93): call_user_func_array()
#3 C:\Bitnami\wordpress-5.5.3-0\apps\wordpress\htdocs\wp-content\plugins\smart-slider-3\Nextend\Framework\Application\AbstractApplicationType.php(88): Nextend\Framework\Controller\AbstractController->doAction()
#4 C:\Bitnami\wordpress-5.5.3-0\apps\wordpress\htdocs\wp-co in C:\Bitnami\wordpress-5.5.3-0\apps\wordpress\htdocs\wp-content\plugins\smart-slider-3\Nextend\SmartSlider3\Application\Frontend\Slider\ViewIframe.php on line 39

2020-11-17T08:21:13+00:00 CRITICAL Uncaught Error: Call to a member function isGroup() on null in C:\Bitnami\wordpress-5.5.3-0\apps\wordpress\htdocs\wp-content\plugins\smart-slider-3\Nextend\SmartSlider3\Application\Frontend\Slider\ViewIframe.php:39
Stack trace:
#0 C:\Bitnami\wordpress-5.5.3-0\apps\wordpress\htdocs\wp-content\plugins\smart-slider-3\Nextend\SmartSlider3\Application\Frontend\Slider\ControllerPreRenderSlider.php(32): Nextend\SmartSlider3\Application\Frontend\Slider\ViewIframe->display()
#1 [internal function]: Nextend\SmartSlider3\Application\Frontend\Slider\ControllerPreRenderSlider->actionIframe()
#2 C:\Bitnami\wordpress-5.5.3-0\apps\wordpress\htdocs\wp-content\plugins\smart-slider-3\Nextend\Framework\Controller\AbstractController.php(93): call_user_func_array()
#3 C:\Bitnami\wordpress-5.5.3-0\apps\wordpress\htdocs\wp-content\plugins\smart-slider-3\Nextend\Framework\Application\AbstractApplicationType.php(88): Nextend\Framework\Controller\AbstractController->doAction()
#4 C:\Bitnami\wordpress-5.5.3-0\apps\wordpress\htdocs\wp-co in C:\Bitnami\wordpress-5.5.3-0\apps\wordpress\htdocs\wp-content\plugins\smart-slider-3\Nextend\SmartSlider3\Application\Frontend\Slider\ViewIframe.php on line 39

2020-11-17T08:41:28+00:00 CRITICAL Uncaught Error: Call to a member function isGroup() on null in C:\Bitnami\wordpress-5.5.3-0\apps\wordpress\htdocs\wp-content\plugins\smart-slider-3\Nextend\SmartSlider3\Application\Frontend\Slider\ViewIframe.php:39
Stack trace:
#0 C:\Bitnami\wordpress-5.5.3-0\apps\wordpress\htdocs\wp-content\plugins\smart-slider-3\Nextend\SmartSlider3\Application\Frontend\Slider\ControllerPreRenderSlider.php(32): Nextend\SmartSlider3\Application\Frontend\Slider\ViewIframe->display()
#1 [internal function]: Nextend\SmartSlider3\Application\Frontend\Slider\ControllerPreRenderSlider->actionIframe()
#2 C:\Bitnami\wordpress-5.5.3-0\apps\wordpress\htdocs\wp-content\plugins\smart-slider-3\Nextend\Framework\Controller\AbstractController.php(93): call_user_func_array()
#3 C:\Bitnami\wordpress-5.5.3-0\apps\wordpress\htdocs\wp-content\plugins\smart-slider-3\Nextend\Framework\Application\AbstractApplicationType.php(88): Nextend\Framework\Controller\AbstractController->doAction()
#4 C:\Bitnami\wordpress-5.5.3-0\apps\wordpress\htdocs\wp-co in C:\Bitnami\wordpress-5.5.3-0\apps\wordpress\htdocs\wp-content\plugins\smart-slider-3\Nextend\SmartSlider3\Application\Frontend\Slider\ViewIframe.php on line 39

2020-11-17T08:42:45+00:00 CRITICAL Uncaught Error: Call to a member function isGroup() on null in C:\Bitnami\wordpress-5.5.3-0\apps\wordpress\htdocs\wp-content\plugins\smart-slider-3\Nextend\SmartSlider3\Application\Frontend\Slider\ViewIframe.php:39
Stack trace:
#0 C:\Bitnami\wordpress-5.5.3-0\apps\wordpress\htdocs\wp-content\plugins\smart-slider-3\Nextend\SmartSlider3\Application\Frontend\Slider\ControllerPreRenderSlider.php(32): Nextend\SmartSlider3\Application\Frontend\Slider\ViewIframe->display()
#1 [internal function]: Nextend\SmartSlider3\Application\Frontend\Slider\ControllerPreRenderSlider->actionIframe()
#2 C:\Bitnami\wordpress-5.5.3-0\apps\wordpress\htdocs\wp-content\plugins\smart-slider-3\Nextend\Framework\Controller\AbstractController.php(93): call_user_func_array()
#3 C:\Bitnami\wordpress-5.5.3-0\apps\wordpress\htdocs\wp-content\plugins\smart-slider-3\Nextend\Framework\Application\AbstractApplicationType.php(88): Nextend\Framework\Controller\AbstractController->doAction()
#4 C:\Bitnami\wordpress-5.5.3-0\apps\wordpress\htdocs\wp-co in C:\Bitnami\wordpress-5.5.3-0\apps\wordpress\htdocs\wp-content\plugins\smart-slider-3\Nextend\SmartSlider3\Application\Frontend\Slider\ViewIframe.php on line 39

2020-11-17T08:50:00+00:00 CRITICAL Uncaught Error: Call to a member function isGroup() on null in C:\Bitnami\wordpress-5.5.3-0\apps\wordpress\htdocs\wp-content\plugins\smart-slider-3\Nextend\SmartSlider3\Application\Frontend\Slider\ViewIframe.php:39
Stack trace:
#0 C:\Bitnami\wordpress-5.5.3-0\apps\wordpress\htdocs\wp-content\plugins\smart-slider-3\Nextend\SmartSlider3\Application\Frontend\Slider\ControllerPreRenderSlider.php(32): Nextend\SmartSlider3\Application\Frontend\Slider\ViewIframe->display()
#1 [internal function]: Nextend\SmartSlider3\Application\Frontend\Slider\ControllerPreRenderSlider->actionIframe()
#2 C:\Bitnami\wordpress-5.5.3-0\apps\wordpress\htdocs\wp-content\plugins\smart-slider-3\Nextend\Framework\Controller\AbstractController.php(93): call_user_func_array()
#3 C:\Bitnami\wordpress-5.5.3-0\apps\wordpress\htdocs\wp-content\plugins\smart-slider-3\Nextend\Framework\Application\AbstractApplicationType.php(88): Nextend\Framework\Controller\AbstractController->doAction()
#4 C:\Bitnami\wordpress-5.5.3-0\apps\wordpress\htdocs\wp-co in C:\Bitnami\wordpress-5.5.3-0\apps\wordpress\htdocs\wp-content\plugins\smart-slider-3\Nextend\SmartSlider3\Application\Frontend\Slider\ViewIframe.php on line 39

2020-11-17T08:56:02+00:00 CRITICAL Uncaught Error: Call to a member function isGroup() on null in C:\Bitnami\wordpress-5.5.3-0\apps\wordpress\htdocs\wp-content\plugins\smart-slider-3\Nextend\SmartSlider3\Application\Frontend\Slider\ViewIframe.php:39
Stack trace:
#0 C:\Bitnami\wordpress-5.5.3-0\apps\wordpress\htdocs\wp-content\plugins\smart-slider-3\Nextend\SmartSlider3\Application\Frontend\Slider\ControllerPreRenderSlider.php(32): Nextend\SmartSlider3\Application\Frontend\Slider\ViewIframe->display()
#1 [internal function]: Nextend\SmartSlider3\Application\Frontend\Slider\ControllerPreRenderSlider->actionIframe()
#2 C:\Bitnami\wordpress-5.5.3-0\apps\wordpress\htdocs\wp-content\plugins\smart-slider-3\Nextend\Framework\Controller\AbstractController.php(93): call_user_func_array()
#3 C:\Bitnami\wordpress-5.5.3-0\apps\wordpress\htdocs\wp-content\plugins\smart-slider-3\Nextend\Framework\Application\AbstractApplicationType.php(88): Nextend\Framework\Controller\AbstractController->doAction()
#4 C:\Bitnami\wordpress-5.5.3-0\apps\wordpress\htdocs\wp-co in C:\Bitnami\wordpress-5.5.3-0\apps\wordpress\htdocs\wp-content\plugins\smart-slider-3\Nextend\SmartSlider3\Application\Frontend\Slider\ViewIframe.php on line 39

2020-11-17T08:58:06+00:00 CRITICAL Uncaught Error: Call to a member function isGroup() on null in C:\Bitnami\wordpress-5.5.3-0\apps\wordpress\htdocs\wp-content\plugins\smart-slider-3\Nextend\SmartSlider3\Application\Frontend\Slider\ViewIframe.php:39
Stack trace:
#0 C:\Bitnami\wordpress-5.5.3-0\apps\wordpress\htdocs\wp-content\plugins\smart-slider-3\Nextend\SmartSlider3\Application\Frontend\Slider\ControllerPreRenderSlider.php(32): Nextend\SmartSlider3\Application\Frontend\Slider\ViewIframe->display()
#1 [internal function]: Nextend\SmartSlider3\Application\Frontend\Slider\ControllerPreRenderSlider->actionIframe()
#2 C:\Bitnami\wordpress-5.5.3-0\apps\wordpress\htdocs\wp-content\plugins\smart-slider-3\Nextend\Framework\Controller\AbstractController.php(93): call_user_func_array()
#3 C:\Bitnami\wordpress-5.5.3-0\apps\wordpress\htdocs\wp-content\plugins\smart-slider-3\Nextend\Framework\Application\AbstractApplicationType.php(88): Nextend\Framework\Controller\AbstractController->doAction()
#4 C:\Bitnami\wordpress-5.5.3-0\apps\wordpress\htdocs\wp-co in C:\Bitnami\wordpress-5.5.3-0\apps\wordpress\htdocs\wp-content\plugins\smart-slider-3\Nextend\SmartSlider3\Application\Frontend\Slider\ViewIframe.php on line 39

2020-11-17T09:03:14+00:00 CRITICAL Uncaught Error: Call to a member function isGroup() on null in C:\Bitnami\wordpress-5.5.3-0\apps\wordpress\htdocs\wp-content\plugins\smart-slider-3\Nextend\SmartSlider3\Application\Frontend\Slider\ViewIframe.php:39
Stack trace:
#0 C:\Bitnami\wordpress-5.5.3-0\apps\wordpress\htdocs\wp-content\plugins\smart-slider-3\Nextend\SmartSlider3\Application\Frontend\Slider\ControllerPreRenderSlider.php(32): Nextend\SmartSlider3\Application\Frontend\Slider\ViewIframe->display()
#1 [internal function]: Nextend\SmartSlider3\Application\Frontend\Slider\ControllerPreRenderSlider->actionIframe()
#2 C:\Bitnami\wordpress-5.5.3-0\apps\wordpress\htdocs\wp-content\plugins\smart-slider-3\Nextend\Framework\Controller\AbstractController.php(93): call_user_func_array()
#3 C:\Bitnami\wordpress-5.5.3-0\apps\wordpress\htdocs\wp-content\plugins\smart-slider-3\Nextend\Framework\Application\AbstractApplicationType.php(88): Nextend\Framework\Controller\AbstractController->doAction()
#4 C:\Bitnami\wordpress-5.5.3-0\apps\wordpress\htdocs\wp-co in C:\Bitnami\wordpress-5.5.3-0\apps\wordpress\htdocs\wp-content\plugins\smart-slider-3\Nextend\SmartSlider3\Application\Frontend\Slider\ViewIframe.php on line 39

2020-11-17T09:16:38+00:00 CRITICAL Uncaught Error: Call to a member function isGroup() on null in C:\Bitnami\wordpress-5.5.3-0\apps\wordpress\htdocs\wp-content\plugins\smart-slider-3\Nextend\SmartSlider3\Application\Frontend\Slider\ViewIframe.php:39
Stack trace:
#0 C:\Bitnami\wordpress-5.5.3-0\apps\wordpress\htdocs\wp-content\plugins\smart-slider-3\Nextend\SmartSlider3\Application\Frontend\Slider\ControllerPreRenderSlider.php(32): Nextend\SmartSlider3\Application\Frontend\Slider\ViewIframe->display()
#1 [internal function]: Nextend\SmartSlider3\Application\Frontend\Slider\ControllerPreRenderSlider->actionIframe()
#2 C:\Bitnami\wordpress-5.5.3-0\apps\wordpress\htdocs\wp-content\plugins\smart-slider-3\Nextend\Framework\Controller\AbstractController.php(93): call_user_func_array()
#3 C:\Bitnami\wordpress-5.5.3-0\apps\wordpress\htdocs\wp-content\plugins\smart-slider-3\Nextend\Framework\Application\AbstractApplicationType.php(88): Nextend\Framework\Controller\AbstractController->doAction()
#4 C:\Bitnami\wordpress-5.5.3-0\apps\wordpress\htdocs\wp-co in C:\Bitnami\wordpress-5.5.3-0\apps\wordpress\htdocs\wp-content\plugins\smart-slider-3\Nextend\SmartSlider3\Application\Frontend\Slider\ViewIframe.php on line 39

