2020-11-14T06:44:29.473714Z 0 [System] [MY-013169] [Server] C:\Bitnami\WORDPR~1.3-0\mysql\bin\mysqld.exe (mysqld 8.0.22) initializing of server in progress as process 6800
2020-11-14T06:44:29.487593Z 1 [System] [MY-013576] [InnoDB] InnoDB initialization has started.
2020-11-14T06:44:31.805133Z 1 [System] [MY-013577] [InnoDB] InnoDB initialization has ended.
2020-11-14T06:44:33.706162Z 0 [Warning] [MY-010161] [Server] You need to use --log-bin to make --binlog-expire-logs-seconds work.
2020-11-14T06:44:34.375131Z 6 [Warning] [MY-010453] [Server] root@localhost is created with an empty password ! Please consider switching off the --initialize-insecure option.
2020-11-14T06:44:37.968014Z 0 [System] [MY-010116] [Server] C:\Bitnami\WORDPR~1.3-0\mysql\bin\mysqld.exe (mysqld 8.0.22) starting as process 7648
2020-11-14T06:44:37.984364Z 1 [System] [MY-013576] [InnoDB] InnoDB initialization has started.
2020-11-14T06:44:38.944262Z 1 [System] [MY-013577] [InnoDB] InnoDB initialization has ended.
2020-11-14T06:44:39.138484Z 0 [System] [MY-011323] [Server] X Plugin ready for connections. Bind-address: '::' port: 33060
2020-11-14T06:44:39.304349Z 0 [Warning] [MY-010068] [Server] CA certificate ca.pem is self signed.
2020-11-14T06:44:39.305205Z 0 [System] [MY-013602] [Server] Channel mysql_main configured to support TLS. Encrypted connections are now supported for this channel.
2020-11-14T06:44:39.362785Z 0 [System] [MY-010931] [Server] C:\Bitnami\WORDPR~1.3-0\mysql\bin\mysqld.exe: ready for connections. Version: '8.0.22'  socket: ''  port: 3307  MySQL Community Server - GPL.
2020-11-14T06:45:21.005088Z 12 [System] [MY-013172] [Server] Received SHUTDOWN from user root. Shutting down mysqld (Version: 8.0.22).
2020-11-14T06:45:21.005916Z 0 [System] [MY-013105] [Server] C:\Bitnami\WORDPR~1.3-0\mysql\bin\mysqld.exe: Normal shutdown.
2020-11-14T06:45:21.754260Z 0 [System] [MY-010910] [Server] C:\Bitnami\WORDPR~1.3-0\mysql\bin\mysqld.exe: Shutdown complete (mysqld 8.0.22)  MySQL Community Server - GPL.
2020-11-14T06:46:02.317643Z 0 [System] [MY-010116] [Server] C:\Bitnami\WORDPR~1.3-0\mysql\bin\mysqld.exe (mysqld 8.0.22) starting as process 10988
2020-11-14T06:46:02.339954Z 1 [System] [MY-013576] [InnoDB] InnoDB initialization has started.
2020-11-14T06:46:03.231530Z 1 [System] [MY-013577] [InnoDB] InnoDB initialization has ended.
2020-11-14T06:46:03.436777Z 0 [System] [MY-011323] [Server] X Plugin ready for connections. Bind-address: '::' port: 33060
2020-11-14T06:46:03.545790Z 0 [Warning] [MY-010068] [Server] CA certificate ca.pem is self signed.
2020-11-14T06:46:03.546646Z 0 [System] [MY-013602] [Server] Channel mysql_main configured to support TLS. Encrypted connections are now supported for this channel.
2020-11-14T06:46:03.602040Z 0 [System] [MY-010931] [Server] C:\Bitnami\WORDPR~1.3-0\mysql\bin\mysqld.exe: ready for connections. Version: '8.0.22'  socket: ''  port: 3307  MySQL Community Server - GPL.
2020-11-14T10:06:58.570036Z 0 [System] [MY-013105] [Server] C:\Bitnami\WORDPR~1.3-0\mysql\bin\mysqld.exe: Normal shutdown.
2020-11-14T10:06:58.931236Z 0 [System] [MY-010910] [Server] C:\Bitnami\WORDPR~1.3-0\mysql\bin\mysqld.exe: Shutdown complete (mysqld 8.0.22)  MySQL Community Server - GPL.
2020-11-14T10:07:32.368354Z 0 [System] [MY-010116] [Server] C:\Bitnami\WORDPR~1.3-0\mysql\bin\mysqld.exe (mysqld 8.0.22) starting as process 5684
2020-11-14T10:07:32.758983Z 1 [System] [MY-013576] [InnoDB] InnoDB initialization has started.
2020-11-14T10:07:34.842176Z 1 [System] [MY-013577] [InnoDB] InnoDB initialization has ended.
2020-11-14T10:07:35.417995Z 0 [System] [MY-011323] [Server] X Plugin ready for connections. Bind-address: '::' port: 33060
2020-11-14T10:07:35.724036Z 0 [Warning] [MY-010068] [Server] CA certificate ca.pem is self signed.
2020-11-14T10:07:35.724945Z 0 [System] [MY-013602] [Server] Channel mysql_main configured to support TLS. Encrypted connections are now supported for this channel.
2020-11-14T10:07:35.827105Z 0 [System] [MY-010931] [Server] C:\Bitnami\WORDPR~1.3-0\mysql\bin\mysqld.exe: ready for connections. Version: '8.0.22'  socket: ''  port: 3307  MySQL Community Server - GPL.
2020-11-16T11:33:44.532655Z 0 [System] [MY-013105] [Server] C:\Bitnami\WORDPR~1.3-0\mysql\bin\mysqld.exe: Normal shutdown.
2020-11-16T11:33:45.857287Z 0 [System] [MY-010910] [Server] C:\Bitnami\WORDPR~1.3-0\mysql\bin\mysqld.exe: Shutdown complete (mysqld 8.0.22)  MySQL Community Server - GPL.
2020-11-16T14:43:23.774546Z 0 [System] [MY-010116] [Server] C:\Bitnami\WORDPR~1.3-0\mysql\bin\mysqld.exe (mysqld 8.0.22) starting as process 5092
2020-11-16T14:43:24.118698Z 1 [System] [MY-013576] [InnoDB] InnoDB initialization has started.
2020-11-16T14:43:25.986810Z 1 [System] [MY-013577] [InnoDB] InnoDB initialization has ended.
2020-11-16T14:43:26.484073Z 0 [System] [MY-011323] [Server] X Plugin ready for connections. Bind-address: '::' port: 33060
2020-11-16T14:43:26.883748Z 0 [Warning] [MY-010068] [Server] CA certificate ca.pem is self signed.
2020-11-16T14:43:26.884536Z 0 [System] [MY-013602] [Server] Channel mysql_main configured to support TLS. Encrypted connections are now supported for this channel.
